<?xml version="1.0" encoding="UTF-8"?>
<testng-results ignored="0" total="2" passed="1" failed="1" skipped="0">
  <reporter-output>
  </reporter-output>
  <suite started-at="2024-06-04T12:26:43 IST" name="Test Suite" finished-at="2024-06-04T12:26:59 IST" duration-ms="15832">
    <groups>
    </groups>
    <test started-at="2024-06-04T12:26:43 IST" name="Test Scenarios" finished-at="2024-06-04T12:26:59 IST" duration-ms="15832">
      <class name="com.test.Swag.testcases.scenario_001">
        <test-method is-config="true" signature="loadConfig()[pri:0, instance:com.test.Swag.testcases.scenario_001@4659191b]" started-at="2024-06-04T12:26:43 IST" name="loadConfig" finished-at="2024-06-04T12:26:43 IST" duration-ms="5" status="PASS">
          <reporter-output>
          </reporter-output>
        </test-method> <!-- loadConfig -->
        <test-method is-config="true" signature="setup()[pri:0, instance:com.test.Swag.testcases.scenario_001@4659191b]" started-at="2024-06-04T12:26:43 IST" name="setup" finished-at="2024-06-04T12:26:45 IST" duration-ms="1920" status="PASS">
          <reporter-output>
          </reporter-output>
        </test-method> <!-- setup -->
        <test-method signature="startpageAndlogin1()[pri:1, instance:com.test.Swag.testcases.scenario_001@4659191b]" started-at="2024-06-04T12:26:45 IST" name="startpageAndlogin1" finished-at="2024-06-04T12:26:52 IST" duration-ms="6923" status="PASS">
          <reporter-output>
          </reporter-output>
        </test-method> <!-- startpageAndlogin1 -->
        <test-method is-config="true" signature="tearDown()[pri:0, instance:com.test.Swag.testcases.scenario_001@4659191b]" started-at="2024-06-04T12:26:53 IST" name="tearDown" finished-at="2024-06-04T12:26:54 IST" duration-ms="143" status="PASS">
          <reporter-output>
          </reporter-output>
        </test-method> <!-- tearDown -->
        <test-method is-config="true" signature="setup()[pri:0, instance:com.test.Swag.testcases.scenario_001@4659191b]" started-at="2024-06-04T12:26:54 IST" name="setup" finished-at="2024-06-04T12:26:55 IST" duration-ms="1768" status="PASS">
          <reporter-output>
          </reporter-output>
        </test-method> <!-- setup -->
        <test-method signature="startpageAndlogin2()[pri:2, instance:com.test.Swag.testcases.scenario_001@4659191b]" started-at="2024-06-04T12:26:55 IST" name="startpageAndlogin2" finished-at="2024-06-04T12:26:58 IST" duration-ms="2350" status="FAIL">
          <exception class="java.lang.AssertionError">
            <message>
              <![CDATA[expected [Epic sadface: Sorry, this user has been locked out] but found [Epic sadface: Sorry, this user has been locked out.]]]>
            </message>
            <full-stacktrace>
              <![CDATA[java.lang.AssertionError: expected [Epic sadface: Sorry, this user has been locked out] but found [Epic sadface: Sorry, this user has been locked out.]
at org.testng.Assert.fail(Assert.java:99)
at org.testng.Assert.failNotEquals(Assert.java:1037)
at org.testng.Assert.assertEqualsImpl(Assert.java:140)
at org.testng.Assert.assertEquals(Assert.java:122)
at org.testng.Assert.assertEquals(Assert.java:629)
at org.testng.Assert.assertEquals(Assert.java:639)
at com.test.Swag.testcases.scenario_001.startpageAndlogin2(scenario_001.java:102)
at java.base/jdk.internal.reflect.NativeMethodAccessorImpl.invoke0(Native Method)
at java.base/jdk.internal.reflect.NativeMethodAccessorImpl.invoke(NativeMethodAccessorImpl.java:78)
at java.base/jdk.internal.reflect.DelegatingMethodAccessorImpl.invoke(DelegatingMethodAccessorImpl.java:43)
at java.base/java.lang.reflect.Method.invoke(Method.java:567)
at org.testng.internal.MethodInvocationHelper.invokeMethod(MethodInvocationHelper.java:133)
at org.testng.internal.TestInvoker.invokeMethod(TestInvoker.java:598)
at org.testng.internal.TestInvoker.invokeTestMethod(TestInvoker.java:173)
at org.testng.internal.MethodRunner.runInSequence(MethodRunner.java:46)
at org.testng.internal.TestInvoker$MethodInvocationAgent.invoke(TestInvoker.java:824)
at org.testng.internal.TestInvoker.invokeTestMethods(TestInvoker.java:146)
at org.testng.internal.TestMethodWorker.invokeTestMethods(TestMethodWorker.java:146)
at org.testng.internal.TestMethodWorker.run(TestMethodWorker.java:128)
at java.base/java.util.ArrayList.forEach(ArrayList.java:1511)
at org.testng.TestRunner.privateRun(TestRunner.java:794)
at org.testng.TestRunner.run(TestRunner.java:596)
at org.testng.SuiteRunner.runTest(SuiteRunner.java:377)
at org.testng.SuiteRunner.runSequentially(SuiteRunner.java:371)
at org.testng.SuiteRunner.privateRun(SuiteRunner.java:332)
at org.testng.SuiteRunner.run(SuiteRunner.java:276)
at org.testng.SuiteRunnerWorker.runSuite(SuiteRunnerWorker.java:53)
at org.testng.SuiteRunnerWorker.run(SuiteRunnerWorker.java:96)
at org.testng.TestNG.runSuitesSequentially(TestNG.java:1212)
at org.testng.TestNG.runSuitesLocally(TestNG.java:1134)
at org.testng.TestNG.runSuites(TestNG.java:1063)
at org.testng.TestNG.run(TestNG.java:1031)
at org.testng.remote.AbstractRemoteTestNG.run(AbstractRemoteTestNG.java:115)
at org.testng.remote.RemoteTestNG.initAndRun(RemoteTestNG.java:251)
at org.testng.remote.RemoteTestNG.main(RemoteTestNG.java:77)
]]>
            </full-stacktrace>
          </exception> <!-- java.lang.AssertionError -->
          <reporter-output>
          </reporter-output>
        </test-method> <!-- startpageAndlogin2 -->
        <test-method is-config="true" signature="tearDown()[pri:0, instance:com.test.Swag.testcases.scenario_001@4659191b]" started-at="2024-06-04T12:26:59 IST" name="tearDown" finished-at="2024-06-04T12:26:59 IST" duration-ms="130" status="PASS">
          <reporter-output>
          </reporter-output>
        </test-method> <!-- tearDown -->
      </class> <!-- com.test.Swag.testcases.scenario_001 -->
    </test> <!-- Test Scenarios -->
  </suite> <!-- Test Suite -->
</testng-results>
